<?xml version="1.0" encoding="UTF-8"?>
<!-- Generated by org.testng.reporters.JUnitXMLReporter -->
<testsuite hostname="tuba-PC" ignored="4" name="Test1" tests="3" failures="0" timestamp="13 Jul 2018 10:43:49 GMT" time="22.482" errors="0">
  <testcase name="verifyTitle" time="2.229" classname="testCases.TC1_1VerifyHomePage"/>
  <testcase name="verifyPageLabel" time="1.998" classname="testCases.TC1_2NavigateToLogInPage"/>
  <testcase name="verifyPageLabel" time="0.616" classname="testCases.TC1_3VerifyAppointmentPage"/>
  <testcase name="@AfterSuite tearDown" time="0.0" classname="utilities.InitialConfiguration">
    <ignored/>
  </testcase> <!-- @AfterSuite tearDown -->
  <testcase name="@AfterSuite tearDown" time="0.0" classname="utilities.InitialConfiguration">
    <ignored/>
  </testcase> <!-- @AfterSuite tearDown -->
  <testcase name="@BeforeTest openBrowser" time="0.0" classname="utilities.InitialConfiguration">
    <ignored/>
  </testcase> <!-- @BeforeTest openBrowser -->
  <testcase name="@BeforeTest openBrowser" time="0.0" classname="utilities.InitialConfiguration">
    <ignored/>
  </testcase> <!-- @BeforeTest openBrowser -->
</testsuite> <!-- Test1 -->
